TN:
SF:src\application.ts
FN:27,(anonymous_0)
FNF:1
FNH:1
FNDA:1,(anonymous_0)
DA:1,1
DA:3,1
DA:7,1
DA:8,1
DA:9,1
DA:10,1
DA:11,1
DA:14,1
DA:15,1
DA:20,1
DA:24,1
DA:28,1
DA:31,1
DA:34,1
DA:37,1
DA:40,1
DA:42,1
DA:44,1
DA:56,1
DA:58,1
DA:60,1
LF:21
LH:21
BRDA:27,0,0,0
BRF:1
BRH:0
end_of_record
TN:
SF:src\index.ts
FN:5,main
FN:35,(anonymous_1)
FNF:2
FNH:0
FNDA:0,main
FNDA:0,(anonymous_1)
DA:1,1
DA:3,1
DA:5,1
DA:6,0
DA:7,0
DA:8,0
DA:10,0
DA:11,0
DA:12,0
DA:14,0
DA:17,1
DA:19,0
DA:35,0
DA:36,0
DA:37,0
LF:15
LH:4
BRDA:5,0,0,0
BRDA:17,1,0,0
BRDA:17,1,1,1
BRDA:21,2,0,0
BRDA:21,2,1,0
BRDA:21,3,0,0
BRDA:21,3,1,0
BRF:7
BRH:1
end_of_record
TN:
SF:src\sequence.ts
FNF:0
FNH:0
DA:1,1
DA:3,1
LF:2
LH:2
BRF:0
BRH:0
end_of_record
TN:
SF:src\controllers\actors.controller.ts
FN:25,(anonymous_0)
FN:37,(anonymous_1)
FN:65,(anonymous_2)
FN:78,(anonymous_3)
FN:90,(anonymous_4)
FN:102,(anonymous_5)
FNF:6
FNH:0
FNDA:0,(anonymous_0)
FNDA:0,(anonymous_1)
FNDA:0,(anonymous_2)
FNDA:0,(anonymous_3)
FNDA:0,(anonymous_4)
FNDA:0,(anonymous_5)
DA:1,1
DA:9,1
DA:20,1
DA:21,1
DA:22,1
DA:24,1
DA:27,0
DA:29,0
DA:37,1
DA:50,0
DA:65,1
DA:66,0
DA:78,1
DA:83,0
DA:90,1
DA:94,0
DA:102,1
DA:105,0
DA:106,0
DA:109,0
DA:110,0
DA:116,0
DA:117,0
DA:124,0
LF:24
LH:11
BRDA:109,0,0,0
BRDA:109,0,1,0
BRDA:127,1,0,0
BRDA:127,1,1,0
BRF:4
BRH:0
end_of_record
TN:
SF:src\controllers\movies.controller.ts
FN:20,(anonymous_0)
FN:32,(anonymous_1)
FN:60,(anonymous_2)
FN:73,(anonymous_3)
FN:85,(anonymous_4)
FN:97,(anonymous_5)
FNF:6
FNH:0
FNDA:0,(anonymous_0)
FNDA:0,(anonymous_1)
FNDA:0,(anonymous_2)
FNDA:0,(anonymous_3)
FNDA:0,(anonymous_4)
FNDA:0,(anonymous_5)
DA:1,1
DA:6,1
DA:16,1
DA:17,1
DA:18,1
DA:19,1
DA:22,0
DA:24,0
DA:32,1
DA:45,0
DA:60,1
DA:61,0
DA:73,1
DA:78,0
DA:85,1
DA:89,0
DA:97,1
DA:100,0
DA:102,0
DA:103,0
DA:104,0
DA:110,0
LF:22
LH:11
BRDA:113,0,0,0
BRDA:113,0,1,0
BRF:2
BRH:0
end_of_record
TN:
SF:src\controllers\reviewers.controller.ts
FN:24,(anonymous_0)
FN:34,(anonymous_1)
FN:55,(anonymous_2)
FN:73,(anonymous_3)
FN:84,(anonymous_4)
FN:107,(anonymous_5)
FN:118,(anonymous_6)
FN:129,(anonymous_7)
FNF:8
FNH:0
FNDA:0,(anonymous_0)
FNDA:0,(anonymous_1)
FNDA:0,(anonymous_2)
FNDA:0,(anonymous_3)
FNDA:0,(anonymous_4)
FNDA:0,(anonymous_5)
FNDA:0,(anonymous_6)
FNDA:0,(anonymous_7)
DA:1,1
DA:9,1
DA:20,1
DA:21,1
DA:23,1
DA:26,0
DA:34,1
DA:47,0
DA:55,1
DA:58,0
DA:73,1
DA:76,0
DA:84,1
DA:95,0
DA:107,1
DA:111,0
DA:118,1
DA:122,0
DA:129,1
DA:130,0
LF:20
LH:12
BRF:0
BRH:0
end_of_record
TN:
SF:src\controllers\users.controller.ts
FN:94,(anonymous_0)
FN:120,(anonymous_1)
FN:181,(anonymous_2)
FN:227,(anonymous_3)
FN:239,(anonymous_4)
FN:260,(anonymous_5)
FN:276,(anonymous_6)
FN:289,(anonymous_7)
FN:301,(anonymous_8)
FN:334,(anonymous_9)
FNF:10
FNH:0
FNDA:0,(anonymous_0)
FNDA:0,(anonymous_1)
FNDA:0,(anonymous_2)
FNDA:0,(anonymous_3)
FNDA:0,(anonymous_4)
FNDA:0,(anonymous_5)
FNDA:0,(anonymous_6)
FNDA:0,(anonymous_7)
FNDA:0,(anonymous_8)
FNDA:0,(anonymous_9)
DA:1,1
DA:11,1
DA:24,1
DA:25,1
DA:27,1
DA:28,1
DA:36,1
DA:37,1
DA:38,1
DA:39,1
DA:43,1
DA:44,1
DA:51,1
DA:77,1
DA:85,1
DA:86,1
DA:93,1
DA:96,0
DA:98,0
DA:100,0
DA:102,0
DA:103,0
DA:105,0
DA:120,1
DA:132,0
DA:133,0
DA:137,0
DA:139,0
DA:140,0
DA:144,0
DA:148,0
DA:154,0
DA:181,1
DA:184,0
DA:185,0
DA:189,0
DA:190,0
DA:194,0
DA:195,0
DA:196,0
DA:198,0
DA:204,0
DA:227,1
DA:231,0
DA:239,1
DA:252,0
DA:260,1
DA:261,0
DA:276,1
DA:277,0
DA:289,1
DA:294,0
DA:301,1
DA:305,0
DA:306,0
DA:307,0
DA:311,0
DA:312,0
DA:314,0
DA:315,0
DA:321,0
DA:334,1
DA:337,0
DA:338,0
DA:342,0
DA:343,0
DA:345,0
DA:346,0
DA:347,0
DA:349,0
DA:355,0
LF:71
LH:26
BRDA:137,0,0,0
BRDA:137,0,1,0
BRDA:157,1,0,0
BRDA:157,1,1,0
BRDA:189,2,0,0
BRDA:189,2,1,0
BRDA:189,3,0,0
BRDA:189,3,1,0
BRDA:207,4,0,0
BRDA:207,4,1,0
BRDA:306,5,0,0
BRDA:306,5,1,0
BRDA:311,6,0,0
BRDA:311,6,1,0
BRDA:311,7,0,0
BRDA:311,7,1,0
BRDA:324,8,0,0
BRDA:324,8,1,0
BRDA:342,9,0,0
BRDA:342,9,1,0
BRDA:342,10,0,0
BRDA:342,10,1,0
BRDA:358,11,0,0
BRDA:358,11,1,0
BRF:24
BRH:0
end_of_record
TN:
SF:src\datasources\db.datasource.ts
FN:26,(anonymous_0)
FNF:1
FNH:1
FNDA:2,(anonymous_0)
DA:1,1
DA:2,1
DA:4,1
DA:21,1
DA:23,1
DA:24,1
DA:30,2
LF:7
LH:7
BRDA:28,0,0,2
BRF:1
BRH:1
end_of_record
TN:
SF:src\datasources\index.ts
FNF:0
FNH:0
DA:1,1
LF:1
LH:1
BRF:0
BRH:0
end_of_record
TN:
SF:src\models\actors.model.ts
FN:48,(anonymous_0)
FNF:1
FNH:0
FNDA:0,(anonymous_0)
DA:1,1
DA:4,1
DA:5,1
DA:12,1
DA:18,1
DA:24,1
DA:30,1
DA:36,1
DA:49,0
LF:9
LH:8
BRF:0
BRH:0
end_of_record
TN:
SF:src\models\index.ts
FNF:0
FNH:0
DA:1,1
DA:2,1
DA:3,1
DA:4,1
DA:5,1
LF:5
LH:5
BRF:0
BRH:0
end_of_record
TN:
SF:src\models\movies.model.ts
FN:65,(anonymous_0)
FNF:1
FNH:0
FNDA:0,(anonymous_0)
DA:1,1
DA:4,1
DA:5,1
DA:12,1
DA:18,1
DA:24,1
DA:30,1
DA:36,1
DA:42,1
DA:48,1
DA:53,1
DA:66,0
LF:12
LH:11
BRF:0
BRH:0
end_of_record
TN:
SF:src\models\reviews.model.ts
FN:55,(anonymous_0)
FNF:1
FNH:0
FNDA:0,(anonymous_0)
DA:1,1
DA:4,1
DA:5,1
DA:12,1
DA:17,1
DA:23,1
DA:29,1
DA:36,1
DA:42,1
DA:56,0
LF:10
LH:9
BRF:0
BRH:0
end_of_record
TN:
SF:src\models\roles.model.ts
FN:29,(anonymous_0)
FNF:1
FNH:0
FNDA:0,(anonymous_0)
DA:1,1
DA:4,1
DA:5,1
DA:12,1
DA:18,1
DA:30,0
LF:6
LH:5
BRF:0
BRH:0
end_of_record
TN:
SF:src\models\users.model.ts
FN:59,(anonymous_0)
FN:50,(anonymous_1)
FNF:2
FNH:0
FNDA:0,(anonymous_0)
FNDA:0,(anonymous_1)
DA:1,1
DA:3,1
DA:5,1
DA:6,1
DA:14,1
DA:20,1
DA:26,1
DA:32,1
DA:38,1
DA:44,1
DA:50,1
DA:60,0
LF:12
LH:11
BRF:0
BRH:0
end_of_record
TN:
SF:src\repositories\actors.repository.ts
FN:11,(anonymous_0)
FNF:1
FNH:0
FNDA:0,(anonymous_0)
DA:1,1
DA:2,1
DA:3,1
DA:4,1
DA:6,1
DA:14,0
LF:6
LH:5
BRF:0
BRH:0
end_of_record
TN:
SF:src\repositories\index.ts
FNF:0
FNH:0
DA:1,1
DA:2,1
DA:3,1
DA:4,1
DA:5,1
DA:6,1
LF:6
LH:6
BRF:0
BRH:0
end_of_record
TN:
SF:src\repositories\movies.repository.ts
FN:11,(anonymous_0)
FNF:1
FNH:0
FNDA:0,(anonymous_0)
DA:1,1
DA:2,1
DA:3,1
DA:4,1
DA:6,1
DA:14,0
LF:6
LH:5
BRF:0
BRH:0
end_of_record
TN:
SF:src\repositories\reviews.repository.ts
FN:11,(anonymous_0)
FNF:1
FNH:0
FNDA:0,(anonymous_0)
DA:1,1
DA:2,1
DA:3,1
DA:4,1
DA:6,1
DA:14,0
LF:6
LH:5
BRF:0
BRH:0
end_of_record
TN:
SF:src\repositories\roles.repository.ts
FN:11,(anonymous_0)
FNF:1
FNH:0
FNDA:0,(anonymous_0)
DA:1,1
DA:2,1
DA:3,1
DA:4,1
DA:6,1
DA:14,0
LF:6
LH:5
BRF:0
BRH:0
end_of_record
TN:
SF:src\repositories\users.repository.ts
FN:11,(anonymous_0)
FNF:1
FNH:0
FNDA:0,(anonymous_0)
DA:1,1
DA:2,1
DA:3,1
DA:4,1
DA:6,1
DA:14,0
LF:6
LH:5
BRF:0
BRH:0
end_of_record
TN:
SF:src\services\user.service.ts
FN:24,(anonymous_0)
FN:28,(anonymous_1)
FN:57,(anonymous_2)
FN:67,(anonymous_3)
FNF:4
FNH:0
FNDA:0,(anonymous_0)
FNDA:0,(anonymous_1)
FNDA:0,(anonymous_2)
FNDA:0,(anonymous_3)
DA:7,1
DA:8,1
DA:9,1
DA:10,1
DA:12,1
DA:23,1
DA:25,0
DA:29,0
DA:31,0
DA:34,0
DA:35,0
DA:38,0
DA:41,0
DA:42,0
DA:45,0
DA:50,0
DA:51,0
DA:54,0
DA:58,0
DA:68,0
DA:69,0
DA:73,0
DA:74,0
DA:76,0
LF:24
LH:6
BRDA:34,0,0,0
BRDA:34,0,1,0
BRDA:41,1,0,0
BRDA:41,1,1,0
BRDA:50,2,0,0
BRDA:50,2,1,0
BRDA:73,3,0,0
BRDA:73,3,1,0
BRF:8
BRH:0
end_of_record
TN:
SF:src\utils\custom-schema.ts
FNF:0
FNH:0
DA:4,1
LF:1
LH:1
BRF:0
BRH:0
end_of_record
